<?xml version='1.0'?>
<ns2:test-suite xmlns:ns2='urn:model.allure.qatools.yandex.ru' start='1550673266467' stop='1550673267981'>
    <name>Page opening</name>
    <title>Page opening</title>
    <test-cases>
        <test-case start='1550673266468' status='failed' stop='1550673267979'>
            <name>get title</name>
            <title>get title</title>
            <labels>
                <label name='language' value='javascript'/>
                <label name='framework' value='wdio'/>
                <label name='thread' value='0-0'/>
            </labels>
            <parameters>
                <parameter kind='argument' name='browser' value='chrome'/>
                <parameter kind='environment-variable' name='capabilities' value='{"maxInstances":1,"browserName":"chrome"}'/>
                <parameter kind='environment-variable' name='spec files' value='["C:\\Users\\Daddy\\WebstormProjects\\TestAutomation\\test\\test.js"]'/>
            </parameters>
            <steps>
                <step start='1550673266477' status='passed' stop='1550673267821'>
                    <name>POST /wd/hub/session/94672639f644dc71ae138de27b8259cf/url</name>
                    <title>POST /wd/hub/session/94672639f644dc71ae138de27b8259cf/url</title>
                    <attachments>
                        <attachment title='Request' source='2a2e4f98-7755-4ac4-ab19-14f92a9b68ce-attachment.json' type='application/json' size='31'/>
                        <attachment title='Response' source='e4f571fe-f3df-4085-91c0-d55f1a7e058a-attachment.json' type='application/json' size='91'/>
                    </attachments>
                    <steps/>
                </step>
                <step start='1550673267822' status='passed' stop='1550673267901'>
                    <name>POST /wd/hub/session/94672639f644dc71ae138de27b8259cf/element</name>
                    <title>POST /wd/hub/session/94672639f644dc71ae138de27b8259cf/element</title>
                    <attachments>
                        <attachment title='Request' source='e7b7cbd7-9f9a-4e08-8222-9a9199cf06fc-attachment.json' type='application/json' size='62'/>
                        <attachment title='Response' source='612648c2-f5bd-46bd-b199-7c079e46eefb-attachment.json' type='application/json' size='136'/>
                    </attachments>
                    <steps/>
                </step>
                <step start='1550673267902' status='passed' stop='1550673267967'>
                    <name>GET /wd/hub/session/94672639f644dc71ae138de27b8259cf/element/0.5668056019179533-1/displayed</name>
                    <title>GET /wd/hub/session/94672639f644dc71ae138de27b8259cf/element/0.5668056019179533-1/displayed</title>
                    <attachments>
                        <attachment title='Response' source='5b1d10c7-0395-4fee-ac2e-b5a09b992c0b-attachment.json' type='application/json' size='91'/>
                    </attachments>
                    <steps/>
                </step>
            </steps>
            <attachments/>
            <failure>
                <message>Page is not opened</message>
                <stack-trace>AssertionError [ERR_ASSERTION]: Page is not opened
                    at Context.&lt;anonymous> (C:\Users\Daddy\WebstormProjects\TestAutomation\test\test.js:8:16)
                    at C:\Users\Daddy\WebstormProjects\TestAutomation\node_modules\wdio-sync\build\index.js:590:26
                    at new Promise (&lt;anonymous>)
                    at new F (C:\Users\Daddy\WebstormProjects\TestAutomation\node_modules\core-js\library\modules\_export.js:36:28)
                    at Context.executeSync (C:\Users\Daddy\WebstormProjects\TestAutomation\node_modules\wdio-sync\build\index.js:588:12)
                    at C:\Users\Daddy\WebstormProjects\TestAutomation\node_modules\wdio-sync\build\index.js:759:42</stack-trace>
            </failure>
        </test-case>
    </test-cases>
</ns2:test-suite>