<?xml version='1.0'?>
<ns2:test-suite xmlns:ns2='urn:model.allure.qatools.yandex.ru' start='1547555390394' stop='1547555391474'>
    <name>Page opening</name>
    <title>Page opening</title>
    <test-cases>
        <test-case start='1547555390395' status='passed' stop='1547555391301'>
            <name>get title</name>
            <title>get title</title>
            <labels>
                <label name='language' value='javascript'/>
                <label name='framework' value='wdio'/>
                <label name='thread' value='0-0'/>
            </labels>
            <parameters>
                <parameter kind='argument' name='browser' value='chrome'/>
                <parameter kind='environment-variable' name='capabilities' value='{"maxInstances":1,"browserName":"chrome"}'/>
                <parameter kind='environment-variable' name='spec files' value='["C:\\Users\\Daddy\\WebstormProjects\\TestAutomation\\test\\test.js"]'/>
            </parameters>
            <steps>
                <step start='1547555390402' status='passed' stop='1547555391256'>
                    <name>POST /wd/hub/session/304dc07acb9cf77d08627dd468135a19/url</name>
                    <title>POST /wd/hub/session/304dc07acb9cf77d08627dd468135a19/url</title>
                    <attachments>
                        <attachment title='Request' source='95b6b95b-c7cd-4da7-b9b4-2882cedecb74-attachment.json' type='application/json' size='45'/>
                        <attachment title='Response' source='bf130cd0-bbec-49a4-9695-4e1b3c9f0628-attachment.json' type='application/json' size='91'/>
                    </attachments>
                    <steps/>
                </step>
                <step start='1547555391260' status='passed' stop='1547555391287'>
                    <name>GET /wd/hub/session/304dc07acb9cf77d08627dd468135a19/title</name>
                    <title>GET /wd/hub/session/304dc07acb9cf77d08627dd468135a19/title</title>
                    <attachments>
                        <attachment title='Response' source='f96aefe6-155d-4927-a0bb-34579ed605d0-attachment.json' type='application/json' size='100'/>
                    </attachments>
                    <steps/>
                </step>
            </steps>
            <attachments/>
        </test-case>
        <test-case start='1547555391303' status='failed' stop='1547555391473'>
            <name>get header title</name>
            <title>get header title</title>
            <labels>
                <label name='language' value='javascript'/>
                <label name='framework' value='wdio'/>
                <label name='thread' value='0-0'/>
            </labels>
            <parameters>
                <parameter kind='argument' name='browser' value='chrome'/>
                <parameter kind='environment-variable' name='capabilities' value='{"maxInstances":1,"browserName":"chrome"}'/>
                <parameter kind='environment-variable' name='spec files' value='["C:\\Users\\Daddy\\WebstormProjects\\TestAutomation\\test\\test.js"]'/>
            </parameters>
            <steps>
                <step start='1547555391304' status='passed' stop='1547555391384'>
                    <name>POST /wd/hub/session/304dc07acb9cf77d08627dd468135a19/element</name>
                    <title>POST /wd/hub/session/304dc07acb9cf77d08627dd468135a19/element</title>
                    <attachments>
                        <attachment title='Request' source='0f9fa8f6-0fb5-4ddb-a570-981ad270d4ba-attachment.json' type='application/json' size='62'/>
                        <attachment title='Response' source='a01f130b-1f81-412b-b5af-82bf0c95dcf5-attachment.json' type='application/json' size='135'/>
                    </attachments>
                    <steps/>
                </step>
                <step start='1547555391384' status='passed' stop='1547555391467'>
                    <name>GET /wd/hub/session/304dc07acb9cf77d08627dd468135a19/element/0.504224113741707-1/text</name>
                    <title>GET /wd/hub/session/304dc07acb9cf77d08627dd468135a19/element/0.504224113741707-1/text</title>
                    <attachments>
                        <attachment title='Response' source='7a0816b5-942a-46ee-be93-7cd54aad83fa-attachment.json' type='application/json' size='99'/>
                    </attachments>
                    <steps/>
                </step>
            </steps>
            <attachments/>
            <failure>
                <message>Header title is incorrect</message>
                <stack-trace>AssertionError [ERR_ASSERTION]: Header title is incorrect
                    at Context.&lt;anonymous> (C:\Users\Daddy\WebstormProjects\TestAutomation\test\test.js:14:16)
                    at C:\Users\Daddy\WebstormProjects\TestAutomation\node_modules\wdio-sync\build\index.js:590:26
                    at new Promise (&lt;anonymous>)
                    at new F (C:\Users\Daddy\WebstormProjects\TestAutomation\node_modules\core-js\library\modules\_export.js:36:28)
                    at Context.executeSync (C:\Users\Daddy\WebstormProjects\TestAutomation\node_modules\wdio-sync\build\index.js:588:12)
                    at C:\Users\Daddy\WebstormProjects\TestAutomation\node_modules\wdio-sync\build\index.js:759:42</stack-trace>
            </failure>
        </test-case>
    </test-cases>
</ns2:test-suite>