<?xml version='1.0'?>
<ns2:test-suite xmlns:ns2='urn:model.allure.qatools.yandex.ru' start='1547545421571' stop='1547545428103'>
    <name>Page opening</name>
    <title>Page opening</title>
    <test-cases>
        <test-case start='1547545421571' status='failed' stop='1547545428101'>
            <name>get title</name>
            <title>get title</title>
            <labels>
                <label name='language' value='javascript'/>
                <label name='framework' value='wdio'/>
                <label name='thread' value='0-0'/>
            </labels>
            <parameters>
                <parameter kind='argument' name='browser' value='chrome'/>
                <parameter kind='environment-variable' name='capabilities' value='{"maxInstances":1,"browserName":"chrome"}'/>
                <parameter kind='environment-variable' name='spec files' value='["C:\\Users\\Daddy\\WebstormProjects\\TestAutomation\\test\\test.js"]'/>
            </parameters>
            <steps>
                <step start='1547545421579' status='passed' stop='1547545423066'>
                    <name>POST /wd/hub/session/85f86694620715275304d22b7f256884/url</name>
                    <title>POST /wd/hub/session/85f86694620715275304d22b7f256884/url</title>
                    <attachments>
                        <attachment title='Request' source='7362e93e-424e-4693-bb7e-597d01cd960b-attachment.json' type='application/json' size='56'/>
                        <attachment title='Response' source='98c40692-12f3-4534-86a8-a831ddd23cd0-attachment.json' type='application/json' size='91'/>
                    </attachments>
                    <steps/>
                </step>
                <step start='1547545423067' status='passed' stop='1547545423089'>
                    <name>GET /wd/hub/session/85f86694620715275304d22b7f256884/title</name>
                    <title>GET /wd/hub/session/85f86694620715275304d22b7f256884/title</title>
                    <attachments>
                        <attachment title='Response' source='2e7bc61a-d5f3-45a0-9213-68b5c2ae1815-attachment.json' type='application/json' size='118'/>
                    </attachments>
                    <steps/>
                </step>
            </steps>
            <attachments/>
            <failure>
                <message>Title is incorrect</message>
                <stack-trace>AssertionError [ERR_ASSERTION]: Title is incorrect
                    at Context.&lt;anonymous> (C:\Users\Daddy\WebstormProjects\TestAutomation\test\test.js:9:16)
                    at C:\Users\Daddy\WebstormProjects\TestAutomation\node_modules\wdio-sync\build\index.js:590:26
                    at new Promise (&lt;anonymous>)
                    at new F (C:\Users\Daddy\WebstormProjects\TestAutomation\node_modules\core-js\library\modules\_export.js:36:28)
                    at Context.executeSync (C:\Users\Daddy\WebstormProjects\TestAutomation\node_modules\wdio-sync\build\index.js:588:12)
                    at C:\Users\Daddy\WebstormProjects\TestAutomation\node_modules\wdio-sync\build\index.js:759:42</stack-trace>
            </failure>
        </test-case>
    </test-cases>
</ns2:test-suite>