<?xml version='1.0'?>
<ns2:test-suite xmlns:ns2='urn:model.allure.qatools.yandex.ru' start='1547556716395' stop='1547556718338'>
    <name>Page opening</name>
    <title>Page opening</title>
    <test-cases>
        <test-case start='1547556716396' status='passed' stop='1547556718268'>
            <name>get title</name>
            <title>get title</title>
            <labels>
                <label name='language' value='javascript'/>
                <label name='framework' value='wdio'/>
                <label name='thread' value='0-0'/>
            </labels>
            <parameters>
                <parameter kind='argument' name='browser' value='chrome'/>
                <parameter kind='environment-variable' name='capabilities' value='{"maxInstances":1,"browserName":"chrome"}'/>
                <parameter kind='environment-variable' name='spec files' value='["C:\\Users\\Daddy\\WebstormProjects\\TestAutomation\\test\\test.js"]'/>
            </parameters>
            <steps>
                <step start='1547556716402' status='passed' stop='1547556718209'>
                    <name>POST /wd/hub/session/b75d65d2de0bda2821b398c6a635aaa1/url</name>
                    <title>POST /wd/hub/session/b75d65d2de0bda2821b398c6a635aaa1/url</title>
                    <attachments>
                        <attachment title='Request' source='cf5108c4-3adc-411c-b487-94ada05031ed-attachment.json' type='application/json' size='45'/>
                        <attachment title='Response' source='72161f26-d5b6-4c36-bb8f-9537a5d6340c-attachment.json' type='application/json' size='91'/>
                    </attachments>
                    <steps/>
                </step>
                <step start='1547556718213' status='passed' stop='1547556718262'>
                    <name>GET /wd/hub/session/b75d65d2de0bda2821b398c6a635aaa1/title</name>
                    <title>GET /wd/hub/session/b75d65d2de0bda2821b398c6a635aaa1/title</title>
                    <attachments>
                        <attachment title='Response' source='225aa8ba-95a6-4a0a-aa9b-80b436aae1bb-attachment.json' type='application/json' size='100'/>
                    </attachments>
                    <steps/>
                </step>
            </steps>
            <attachments/>
        </test-case>
        <test-case start='1547556718269' status='failed' stop='1547556718336'>
            <name>get header title</name>
            <title>get header title</title>
            <labels>
                <label name='language' value='javascript'/>
                <label name='framework' value='wdio'/>
                <label name='thread' value='0-0'/>
            </labels>
            <parameters>
                <parameter kind='argument' name='browser' value='chrome'/>
                <parameter kind='environment-variable' name='capabilities' value='{"maxInstances":1,"browserName":"chrome"}'/>
                <parameter kind='environment-variable' name='spec files' value='["C:\\Users\\Daddy\\WebstormProjects\\TestAutomation\\test\\test.js"]'/>
            </parameters>
            <steps>
                <step start='1547556718271' status='passed' stop='1547556718314'>
                    <name>POST /wd/hub/session/b75d65d2de0bda2821b398c6a635aaa1/element</name>
                    <title>POST /wd/hub/session/b75d65d2de0bda2821b398c6a635aaa1/element</title>
                    <attachments>
                        <attachment title='Request' source='534d343d-e890-46e6-b228-d16a2c32f379-attachment.json' type='application/json' size='67'/>
                        <attachment title='Response' source='8a329d34-c96d-4a3f-b133-612ffaa32e45-attachment.json' type='application/json' size='136'/>
                    </attachments>
                    <steps/>
                </step>
            </steps>
            <attachments/>
            <failure>
                <message>Header title is incorrect</message>
                <stack-trace>AssertionError [ERR_ASSERTION]: Header title is incorrect
                    at Context.&lt;anonymous> (C:\Users\Daddy\WebstormProjects\TestAutomation\test\test.js:14:16)
                    at C:\Users\Daddy\WebstormProjects\TestAutomation\node_modules\wdio-sync\build\index.js:590:26
                    at new Promise (&lt;anonymous>)
                    at new F (C:\Users\Daddy\WebstormProjects\TestAutomation\node_modules\core-js\library\modules\_export.js:36:28)
                    at Context.executeSync (C:\Users\Daddy\WebstormProjects\TestAutomation\node_modules\wdio-sync\build\index.js:588:12)
                    at C:\Users\Daddy\WebstormProjects\TestAutomation\node_modules\wdio-sync\build\index.js:759:42</stack-trace>
            </failure>
        </test-case>
    </test-cases>
</ns2:test-suite>