<?xml version='1.0'?>
<ns2:test-suite xmlns:ns2='urn:model.allure.qatools.yandex.ru' start='1547545619639' stop='1547545625098'>
    <name>Page opening</name>
    <title>Page opening</title>
    <test-cases>
        <test-case start='1547545619640' status='failed' stop='1547545625096'>
            <name>get title</name>
            <title>get title</title>
            <labels>
                <label name='language' value='javascript'/>
                <label name='framework' value='wdio'/>
                <label name='thread' value='0-0'/>
            </labels>
            <parameters>
                <parameter kind='argument' name='browser' value='chrome'/>
                <parameter kind='environment-variable' name='capabilities' value='{"maxInstances":1,"browserName":"chrome"}'/>
                <parameter kind='environment-variable' name='spec files' value='["C:\\Users\\Daddy\\WebstormProjects\\TestAutomation\\test\\test.js"]'/>
            </parameters>
            <steps>
                <step start='1547545619650' status='passed' stop='1547545620064'>
                    <name>POST /wd/hub/session/c088fc9bbcf912eade34f9d8245e41d3/url</name>
                    <title>POST /wd/hub/session/c088fc9bbcf912eade34f9d8245e41d3/url</title>
                    <attachments>
                        <attachment title='Request' source='88651375-4ec5-4fe0-b3a3-ef4848eb7187-attachment.json' type='application/json' size='56'/>
                        <attachment title='Response' source='1d829c6e-2847-466e-aa51-6583b046737d-attachment.json' type='application/json' size='91'/>
                    </attachments>
                    <steps/>
                </step>
                <step start='1547545620068' status='passed' stop='1547545620087'>
                    <name>GET /wd/hub/session/c088fc9bbcf912eade34f9d8245e41d3/title</name>
                    <title>GET /wd/hub/session/c088fc9bbcf912eade34f9d8245e41d3/title</title>
                    <attachments>
                        <attachment title='Response' source='e551c425-ddec-425c-96ad-267771ea0736-attachment.json' type='application/json' size='118'/>
                    </attachments>
                    <steps/>
                </step>
            </steps>
            <attachments/>
            <failure>
                <message>Title is incorrect</message>
                <stack-trace>AssertionError [ERR_ASSERTION]: Title is incorrect
                    at Context.&lt;anonymous> (C:\Users\Daddy\WebstormProjects\TestAutomation\test\test.js:9:16)
                    at C:\Users\Daddy\WebstormProjects\TestAutomation\node_modules\wdio-sync\build\index.js:590:26
                    at new Promise (&lt;anonymous>)
                    at new F (C:\Users\Daddy\WebstormProjects\TestAutomation\node_modules\core-js\library\modules\_export.js:36:28)
                    at Context.executeSync (C:\Users\Daddy\WebstormProjects\TestAutomation\node_modules\wdio-sync\build\index.js:588:12)
                    at C:\Users\Daddy\WebstormProjects\TestAutomation\node_modules\wdio-sync\build\index.js:759:42</stack-trace>
            </failure>
        </test-case>
    </test-cases>
</ns2:test-suite>