<?xml version='1.0'?>
<ns2:test-suite xmlns:ns2='urn:model.allure.qatools.yandex.ru' start='1550673347110' stop='1550673349021'>
    <name>Page opening</name>
    <title>Page opening</title>
    <test-cases>
        <test-case start='1550673347111' status='failed' stop='1550673349020'>
            <name>get title</name>
            <title>get title</title>
            <labels>
                <label name='language' value='javascript'/>
                <label name='framework' value='wdio'/>
                <label name='thread' value='0-0'/>
            </labels>
            <parameters>
                <parameter kind='argument' name='browser' value='chrome'/>
                <parameter kind='environment-variable' name='capabilities' value='{"maxInstances":1,"browserName":"chrome"}'/>
                <parameter kind='environment-variable' name='spec files' value='["C:\\Users\\Daddy\\WebstormProjects\\TestAutomation\\test\\test.js"]'/>
            </parameters>
            <steps>
                <step start='1550673347122' status='passed' stop='1550673348763'>
                    <name>POST /wd/hub/session/7b4b870def9d78a6c048f429ccdf426d/url</name>
                    <title>POST /wd/hub/session/7b4b870def9d78a6c048f429ccdf426d/url</title>
                    <attachments>
                        <attachment title='Request' source='f5d68023-4717-403e-9a0d-8cbff8d0e29a-attachment.json' type='application/json' size='31'/>
                        <attachment title='Response' source='0e655203-2580-479b-b538-16a1dfe5d19c-attachment.json' type='application/json' size='91'/>
                    </attachments>
                    <steps/>
                </step>
                <step start='1550673348766' status='passed' stop='1550673348936'>
                    <name>POST /wd/hub/session/7b4b870def9d78a6c048f429ccdf426d/element</name>
                    <title>POST /wd/hub/session/7b4b870def9d78a6c048f429ccdf426d/element</title>
                    <attachments>
                        <attachment title='Request' source='33eccbce-ff71-4df0-ab16-32407af3d0f7-attachment.json' type='application/json' size='62'/>
                        <attachment title='Response' source='9628725e-932f-48ad-a76b-b27ba9a79e0c-attachment.json' type='application/json' size='136'/>
                    </attachments>
                    <steps/>
                </step>
                <step start='1550673348941' status='passed' stop='1550673348990'>
                    <name>GET /wd/hub/session/7b4b870def9d78a6c048f429ccdf426d/element/0.3773176990864373-1/displayed</name>
                    <title>GET /wd/hub/session/7b4b870def9d78a6c048f429ccdf426d/element/0.3773176990864373-1/displayed</title>
                    <attachments>
                        <attachment title='Response' source='cf28c1ae-e71e-4c74-a4cf-f4d5f83eca27-attachment.json' type='application/json' size='91'/>
                    </attachments>
                    <steps/>
                </step>
                <step start='1550673348991' status='passed' stop='1550673349011'>
                    <name>GET /wd/hub/session/7b4b870def9d78a6c048f429ccdf426d/element/0.3773176990864373-1/displayed</name>
                    <title>GET /wd/hub/session/7b4b870def9d78a6c048f429ccdf426d/element/0.3773176990864373-1/displayed</title>
                    <attachments>
                        <attachment title='Response' source='45fa9e0a-b8ff-4a89-a59f-64e89afed59e-attachment.json' type='application/json' size='91'/>
                    </attachments>
                    <steps/>
                </step>
            </steps>
            <attachments/>
            <failure>
                <message>Page is not opened</message>
                <stack-trace>AssertionError [ERR_ASSERTION]: Page is not opened
                    at Context.&lt;anonymous> (C:\Users\Daddy\WebstormProjects\TestAutomation\test\test.js:9:16)
                    at C:\Users\Daddy\WebstormProjects\TestAutomation\node_modules\wdio-sync\build\index.js:590:26
                    at new Promise (&lt;anonymous>)
                    at new F (C:\Users\Daddy\WebstormProjects\TestAutomation\node_modules\core-js\library\modules\_export.js:36:28)
                    at Context.executeSync (C:\Users\Daddy\WebstormProjects\TestAutomation\node_modules\wdio-sync\build\index.js:588:12)
                    at C:\Users\Daddy\WebstormProjects\TestAutomation\node_modules\wdio-sync\build\index.js:759:42</stack-trace>
            </failure>
        </test-case>
    </test-cases>
</ns2:test-suite>