<?xml version='1.0'?>
<ns2:test-suite xmlns:ns2='urn:model.allure.qatools.yandex.ru' start='1547556656336' stop='1547556657373'>
    <name>Page opening</name>
    <title>Page opening</title>
    <test-cases>
        <test-case start='1547556656337' status='passed' stop='1547556657278'>
            <name>get title</name>
            <title>get title</title>
            <labels>
                <label name='language' value='javascript'/>
                <label name='framework' value='wdio'/>
                <label name='thread' value='0-0'/>
            </labels>
            <parameters>
                <parameter kind='argument' name='browser' value='chrome'/>
                <parameter kind='environment-variable' name='capabilities' value='{"maxInstances":1,"browserName":"chrome"}'/>
                <parameter kind='environment-variable' name='spec files' value='["C:\\Users\\Daddy\\WebstormProjects\\TestAutomation\\test\\test.js"]'/>
            </parameters>
            <steps>
                <step start='1547556656344' status='passed' stop='1547556657229'>
                    <name>POST /wd/hub/session/c04f9aacea3a12b92bba7ad515ad8691/url</name>
                    <title>POST /wd/hub/session/c04f9aacea3a12b92bba7ad515ad8691/url</title>
                    <attachments>
                        <attachment title='Request' source='eb6fc6bf-b410-47a4-8a03-c0c3eafbb3fc-attachment.json' type='application/json' size='45'/>
                        <attachment title='Response' source='0a7b2536-ce94-4f65-a0a8-d8b0b9ac2eb4-attachment.json' type='application/json' size='91'/>
                    </attachments>
                    <steps/>
                </step>
                <step start='1547556657231' status='passed' stop='1547556657274'>
                    <name>GET /wd/hub/session/c04f9aacea3a12b92bba7ad515ad8691/title</name>
                    <title>GET /wd/hub/session/c04f9aacea3a12b92bba7ad515ad8691/title</title>
                    <attachments>
                        <attachment title='Response' source='f765c334-d547-41d4-abee-a805cdd7de8e-attachment.json' type='application/json' size='100'/>
                    </attachments>
                    <steps/>
                </step>
            </steps>
            <attachments/>
        </test-case>
        <test-case start='1547556657280' status='failed' stop='1547556657372'>
            <name>get header title</name>
            <title>get header title</title>
            <labels>
                <label name='language' value='javascript'/>
                <label name='framework' value='wdio'/>
                <label name='thread' value='0-0'/>
            </labels>
            <parameters>
                <parameter kind='argument' name='browser' value='chrome'/>
                <parameter kind='environment-variable' name='capabilities' value='{"maxInstances":1,"browserName":"chrome"}'/>
                <parameter kind='environment-variable' name='spec files' value='["C:\\Users\\Daddy\\WebstormProjects\\TestAutomation\\test\\test.js"]'/>
            </parameters>
            <steps>
                <step start='1547556657281' status='passed' stop='1547556657313'>
                    <name>POST /wd/hub/session/c04f9aacea3a12b92bba7ad515ad8691/element</name>
                    <title>POST /wd/hub/session/c04f9aacea3a12b92bba7ad515ad8691/element</title>
                    <attachments>
                        <attachment title='Request' source='abb5b80f-4c96-4699-96ca-8cf9809fc30f-attachment.json' type='application/json' size='67'/>
                        <attachment title='Response' source='cab6aa16-841a-4de8-b745-12a6e554dd9d-attachment.json' type='application/json' size='136'/>
                    </attachments>
                    <steps/>
                </step>
                <step start='1547556657318' status='passed' stop='1547556657365'>
                    <name>GET /wd/hub/session/c04f9aacea3a12b92bba7ad515ad8691/element/0.9328659732156777-1/text</name>
                    <title>GET /wd/hub/session/c04f9aacea3a12b92bba7ad515ad8691/element/0.9328659732156777-1/text</title>
                    <attachments>
                        <attachment title='Response' source='94637a07-76d8-40bd-a6ff-821f598dfcf4-attachment.json' type='application/json' size='99'/>
                    </attachments>
                    <steps/>
                </step>
            </steps>
            <attachments/>
            <failure>
                <message>Header title is incorrect</message>
                <stack-trace>AssertionError [ERR_ASSERTION]: Header title is incorrect
                    at Context.&lt;anonymous> (C:\Users\Daddy\WebstormProjects\TestAutomation\test\test.js:14:16)
                    at C:\Users\Daddy\WebstormProjects\TestAutomation\node_modules\wdio-sync\build\index.js:590:26
                    at new Promise (&lt;anonymous>)
                    at new F (C:\Users\Daddy\WebstormProjects\TestAutomation\node_modules\core-js\library\modules\_export.js:36:28)
                    at Context.executeSync (C:\Users\Daddy\WebstormProjects\TestAutomation\node_modules\wdio-sync\build\index.js:588:12)
                    at C:\Users\Daddy\WebstormProjects\TestAutomation\node_modules\wdio-sync\build\index.js:759:42</stack-trace>
            </failure>
        </test-case>
    </test-cases>
</ns2:test-suite>