<?xml version='1.0'?>
<ns2:test-suite xmlns:ns2='urn:model.allure.qatools.yandex.ru' start='1550672656877' stop='1550672658605'>
    <name>Page opening</name>
    <title>Page opening</title>
    <test-cases>
        <test-case start='1550672656877' status='failed' stop='1550672658603'>
            <name>get title</name>
            <title>get title</title>
            <labels>
                <label name='language' value='javascript'/>
                <label name='framework' value='wdio'/>
                <label name='thread' value='0-0'/>
            </labels>
            <parameters>
                <parameter kind='argument' name='browser' value='chrome'/>
                <parameter kind='environment-variable' name='capabilities' value='{"maxInstances":1,"browserName":"chrome"}'/>
                <parameter kind='environment-variable' name='spec files' value='["C:\\Users\\Daddy\\WebstormProjects\\TestAutomation\\test\\test.js"]'/>
            </parameters>
            <steps>
                <step start='1550672656887' status='passed' stop='1550672657812'>
                    <name>POST /wd/hub/session/cd527bcd61f117aebaa73fbaf8f79e25/url</name>
                    <title>POST /wd/hub/session/cd527bcd61f117aebaa73fbaf8f79e25/url</title>
                    <attachments>
                        <attachment title='Request' source='18a85cd4-8fe0-496f-974a-b6b58d9c0ebd-attachment.json' type='application/json' size='31'/>
                        <attachment title='Response' source='e64db277-708f-4d00-b85d-5b6bc33aef70-attachment.json' type='application/json' size='91'/>
                    </attachments>
                    <steps/>
                </step>
                <step start='1550672657814' status='passed' stop='1550672657972'>
                    <name>POST /wd/hub/session/cd527bcd61f117aebaa73fbaf8f79e25/element</name>
                    <title>POST /wd/hub/session/cd527bcd61f117aebaa73fbaf8f79e25/element</title>
                    <attachments>
                        <attachment title='Request' source='19b81d2e-efdd-4e59-ac2f-4eca494f5268-attachment.json' type='application/json' size='62'/>
                        <attachment title='Response' source='5f2af56c-eb7b-4aa6-9875-54ef13f13e63-attachment.json' type='application/json' size='136'/>
                    </attachments>
                    <steps/>
                </step>
                <step start='1550672657974' status='passed' stop='1550672658024'>
                    <name>POST /wd/hub/session/cd527bcd61f117aebaa73fbaf8f79e25/elements</name>
                    <title>POST /wd/hub/session/cd527bcd61f117aebaa73fbaf8f79e25/elements</title>
                    <attachments>
                        <attachment title='Request' source='d57c25e4-c5d9-4de7-bbd7-ea818a240ca0-attachment.json' type='application/json' size='62'/>
                        <attachment title='Response' source='6d518754-2ed3-4e3c-b0bc-6badc57d6f97-attachment.json' type='application/json' size='294'/>
                    </attachments>
                    <steps/>
                </step>
                <step start='1550672658025' status='passed' stop='1550672658598'>
                    <name>GET /wd/hub/session/cd527bcd61f117aebaa73fbaf8f79e25/element/0.7902622013528937-1/displayed</name>
                    <title>GET /wd/hub/session/cd527bcd61f117aebaa73fbaf8f79e25/element/0.7902622013528937-1/displayed</title>
                    <attachments>
                        <attachment title='Response' source='f61afb03-b4fb-42a8-851d-4a77fa693d00-attachment.json' type='application/json' size='91'/>
                    </attachments>
                    <steps>
                        <step start='1550672658025' status='passed' stop='1550672658131'>
                            <name>GET /wd/hub/session/cd527bcd61f117aebaa73fbaf8f79e25/element/0.7902622013528937-2/displayed</name>
                            <title>GET /wd/hub/session/cd527bcd61f117aebaa73fbaf8f79e25/element/0.7902622013528937-2/displayed</title>
                            <attachments>
                                <attachment title='Response' source='2158aca5-1417-483e-ad2e-06b32e181840-attachment.json' type='application/json' size='91'/>
                            </attachments>
                            <steps>
                                <step start='1550672658026' status='passed' stop='1550672658100'>
                                    <name>GET /wd/hub/session/cd527bcd61f117aebaa73fbaf8f79e25/element/0.7902622013528937-3/displayed</name>
                                    <title>GET /wd/hub/session/cd527bcd61f117aebaa73fbaf8f79e25/element/0.7902622013528937-3/displayed</title>
                                    <attachments>
                                        <attachment title='Response' source='40ce2f30-f6db-4929-87cf-97619ce3c507-attachment.json' type='application/json' size='91'/>
                                    </attachments>
                                    <steps/>
                                </step>
                            </steps>
                        </step>
                    </steps>
                </step>
            </steps>
            <attachments/>
            <failure>
                <message>Page is not opened</message>
                <stack-trace>AssertionError [ERR_ASSERTION]: Page is not opened
                    at Context.&lt;anonymous> (C:\Users\Daddy\WebstormProjects\TestAutomation\test\test.js:8:16)
                    at C:\Users\Daddy\WebstormProjects\TestAutomation\node_modules\wdio-sync\build\index.js:590:26
                    at new Promise (&lt;anonymous>)
                    at new F (C:\Users\Daddy\WebstormProjects\TestAutomation\node_modules\core-js\library\modules\_export.js:36:28)
                    at Context.executeSync (C:\Users\Daddy\WebstormProjects\TestAutomation\node_modules\wdio-sync\build\index.js:588:12)
                    at C:\Users\Daddy\WebstormProjects\TestAutomation\node_modules\wdio-sync\build\index.js:759:42</stack-trace>
            </failure>
        </test-case>
    </test-cases>
</ns2:test-suite>