<?xml version='1.0'?>
<ns2:test-suite xmlns:ns2='urn:model.allure.qatools.yandex.ru' start='1547555336218' stop='1547555337328'>
    <name>Page opening</name>
    <title>Page opening</title>
    <test-cases>
        <test-case start='1547555336219' status='passed' stop='1547555337171'>
            <name>get title</name>
            <title>get title</title>
            <labels>
                <label name='language' value='javascript'/>
                <label name='framework' value='wdio'/>
                <label name='thread' value='0-0'/>
            </labels>
            <parameters>
                <parameter kind='argument' name='browser' value='chrome'/>
                <parameter kind='environment-variable' name='capabilities' value='{"maxInstances":1,"browserName":"chrome"}'/>
                <parameter kind='environment-variable' name='spec files' value='["C:\\Users\\Daddy\\WebstormProjects\\TestAutomation\\test\\test.js"]'/>
            </parameters>
            <steps>
                <step start='1547555336226' status='passed' stop='1547555337097'>
                    <name>POST /wd/hub/session/a7a5d9c458e22cd9be8477b7301f7025/url</name>
                    <title>POST /wd/hub/session/a7a5d9c458e22cd9be8477b7301f7025/url</title>
                    <attachments>
                        <attachment title='Request' source='26f550d5-a6df-4e40-a7ad-a4aa5f9a7b17-attachment.json' type='application/json' size='45'/>
                        <attachment title='Response' source='0d88c62c-e243-457b-87ac-92aa1d5263ec-attachment.json' type='application/json' size='91'/>
                    </attachments>
                    <steps/>
                </step>
                <step start='1547555337102' status='passed' stop='1547555337122'>
                    <name>GET /wd/hub/session/a7a5d9c458e22cd9be8477b7301f7025/title</name>
                    <title>GET /wd/hub/session/a7a5d9c458e22cd9be8477b7301f7025/title</title>
                    <attachments>
                        <attachment title='Response' source='731f176e-bf62-461d-8d47-53a9913db657-attachment.json' type='application/json' size='100'/>
                    </attachments>
                    <steps/>
                </step>
            </steps>
            <attachments/>
        </test-case>
        <test-case start='1547555337173' status='failed' stop='1547555337326'>
            <name>get header title</name>
            <title>get header title</title>
            <labels>
                <label name='language' value='javascript'/>
                <label name='framework' value='wdio'/>
                <label name='thread' value='0-0'/>
            </labels>
            <parameters>
                <parameter kind='argument' name='browser' value='chrome'/>
                <parameter kind='environment-variable' name='capabilities' value='{"maxInstances":1,"browserName":"chrome"}'/>
                <parameter kind='environment-variable' name='spec files' value='["C:\\Users\\Daddy\\WebstormProjects\\TestAutomation\\test\\test.js"]'/>
            </parameters>
            <steps>
                <step start='1547555337174' status='passed' stop='1547555337237'>
                    <name>POST /wd/hub/session/a7a5d9c458e22cd9be8477b7301f7025/element</name>
                    <title>POST /wd/hub/session/a7a5d9c458e22cd9be8477b7301f7025/element</title>
                    <attachments>
                        <attachment title='Request' source='8e8d0bf9-1847-4e9e-9115-3e70e95ee948-attachment.json' type='application/json' size='62'/>
                        <attachment title='Response' source='a384f71f-000e-4247-8359-300ac3536590-attachment.json' type='application/json' size='139'/>
                    </attachments>
                    <steps/>
                </step>
                <step start='1547555337243' status='passed' stop='1547555337320'>
                    <name>GET /wd/hub/session/a7a5d9c458e22cd9be8477b7301f7025/element/0.0006855476927485338-1/text</name>
                    <title>GET /wd/hub/session/a7a5d9c458e22cd9be8477b7301f7025/element/0.0006855476927485338-1/text</title>
                    <attachments>
                        <attachment title='Response' source='317d6004-8d42-408a-a079-a7592a61930d-attachment.json' type='application/json' size='99'/>
                    </attachments>
                    <steps/>
                </step>
            </steps>
            <attachments/>
            <failure>
                <message>Header title is incorrect</message>
                <stack-trace>AssertionError [ERR_ASSERTION]: Header title is incorrect
                    at Context.&lt;anonymous> (C:\Users\Daddy\WebstormProjects\TestAutomation\test\test.js:14:16)
                    at C:\Users\Daddy\WebstormProjects\TestAutomation\node_modules\wdio-sync\build\index.js:590:26
                    at new Promise (&lt;anonymous>)
                    at new F (C:\Users\Daddy\WebstormProjects\TestAutomation\node_modules\core-js\library\modules\_export.js:36:28)
                    at Context.executeSync (C:\Users\Daddy\WebstormProjects\TestAutomation\node_modules\wdio-sync\build\index.js:588:12)
                    at C:\Users\Daddy\WebstormProjects\TestAutomation\node_modules\wdio-sync\build\index.js:759:42</stack-trace>
            </failure>
        </test-case>
    </test-cases>
</ns2:test-suite>