<?xml version='1.0'?>
<ns2:test-suite xmlns:ns2='urn:model.allure.qatools.yandex.ru' start='1547554446286' stop='1547554447391'>
    <name>Page opening</name>
    <title>Page opening</title>
    <test-cases>
        <test-case start='1547554446287' status='passed' stop='1547554447196'>
            <name>get title</name>
            <title>get title</title>
            <labels>
                <label name='language' value='javascript'/>
                <label name='framework' value='wdio'/>
                <label name='thread' value='0-0'/>
            </labels>
            <parameters>
                <parameter kind='argument' name='browser' value='chrome'/>
                <parameter kind='environment-variable' name='capabilities' value='{"maxInstances":1,"browserName":"chrome"}'/>
                <parameter kind='environment-variable' name='spec files' value='["C:\\Users\\Daddy\\WebstormProjects\\TestAutomation\\test\\test.js"]'/>
            </parameters>
            <steps>
                <step start='1547554446293' status='passed' stop='1547554447166'>
                    <name>POST /wd/hub/session/6a820eaa96fa45268b1b225edee1dd76/url</name>
                    <title>POST /wd/hub/session/6a820eaa96fa45268b1b225edee1dd76/url</title>
                    <attachments>
                        <attachment title='Request' source='1e2c18f3-e8e5-4d36-b704-13d1751c236f-attachment.json' type='application/json' size='45'/>
                        <attachment title='Response' source='04bd1272-1694-4231-8cfe-fa38dc12a579-attachment.json' type='application/json' size='91'/>
                    </attachments>
                    <steps/>
                </step>
                <step start='1547554447170' status='passed' stop='1547554447190'>
                    <name>GET /wd/hub/session/6a820eaa96fa45268b1b225edee1dd76/title</name>
                    <title>GET /wd/hub/session/6a820eaa96fa45268b1b225edee1dd76/title</title>
                    <attachments>
                        <attachment title='Response' source='0131d00e-0b16-4df7-a7f7-932681fc91ee-attachment.json' type='application/json' size='100'/>
                    </attachments>
                    <steps/>
                </step>
            </steps>
            <attachments/>
        </test-case>
        <test-case start='1547554447198' status='failed' stop='1547554447390'>
            <name>get header title</name>
            <title>get header title</title>
            <labels>
                <label name='language' value='javascript'/>
                <label name='framework' value='wdio'/>
                <label name='thread' value='0-0'/>
            </labels>
            <parameters>
                <parameter kind='argument' name='browser' value='chrome'/>
                <parameter kind='environment-variable' name='capabilities' value='{"maxInstances":1,"browserName":"chrome"}'/>
                <parameter kind='environment-variable' name='spec files' value='["C:\\Users\\Daddy\\WebstormProjects\\TestAutomation\\test\\test.js"]'/>
            </parameters>
            <steps>
                <step start='1547554447199' status='passed' stop='1547554447273'>
                    <name>POST /wd/hub/session/6a820eaa96fa45268b1b225edee1dd76/element</name>
                    <title>POST /wd/hub/session/6a820eaa96fa45268b1b225edee1dd76/element</title>
                    <attachments>
                        <attachment title='Request' source='fd9a3d9b-75fa-4852-80d2-f02d23bf6b2d-attachment.json' type='application/json' size='52'/>
                        <attachment title='Response' source='2312bb9b-7e93-40b8-af7f-bf4fc125018d-attachment.json' type='application/json' size='137'/>
                    </attachments>
                    <steps/>
                </step>
                <step start='1547554447274' status='passed' stop='1547554447379'>
                    <name>GET /wd/hub/session/6a820eaa96fa45268b1b225edee1dd76/element/0.47506901492290177-1/text</name>
                    <title>GET /wd/hub/session/6a820eaa96fa45268b1b225edee1dd76/element/0.47506901492290177-1/text</title>
                    <attachments>
                        <attachment title='Response' source='39d6d632-abab-4b68-9834-a7e64c5907a5-attachment.json' type='application/json' size='99'/>
                    </attachments>
                    <steps/>
                </step>
            </steps>
            <attachments/>
            <failure>
                <message>Header title is incorrect</message>
                <stack-trace>AssertionError [ERR_ASSERTION]: Header title is incorrect
                    at Context.&lt;anonymous> (C:\Users\Daddy\WebstormProjects\TestAutomation\test\test.js:14:16)
                    at C:\Users\Daddy\WebstormProjects\TestAutomation\node_modules\wdio-sync\build\index.js:590:26
                    at new Promise (&lt;anonymous>)
                    at new F (C:\Users\Daddy\WebstormProjects\TestAutomation\node_modules\core-js\library\modules\_export.js:36:28)
                    at Context.executeSync (C:\Users\Daddy\WebstormProjects\TestAutomation\node_modules\wdio-sync\build\index.js:588:12)
                    at C:\Users\Daddy\WebstormProjects\TestAutomation\node_modules\wdio-sync\build\index.js:759:42</stack-trace>
            </failure>
        </test-case>
    </test-cases>
</ns2:test-suite>