<?xml version='1.0'?>
<ns2:test-suite xmlns:ns2='urn:model.allure.qatools.yandex.ru' start='1547546288124' stop='1547546294506'>
    <name>Page opening</name>
    <title>Page opening</title>
    <test-cases>
        <test-case start='1547546288125' status='failed' stop='1547546294504'>
            <name>get title</name>
            <title>get title</title>
            <labels>
                <label name='language' value='javascript'/>
                <label name='framework' value='wdio'/>
                <label name='thread' value='0-0'/>
            </labels>
            <parameters>
                <parameter kind='argument' name='browser' value='chrome'/>
                <parameter kind='environment-variable' name='capabilities' value='{"maxInstances":1,"browserName":"chrome"}'/>
                <parameter kind='environment-variable' name='spec files' value='["C:\\Users\\Daddy\\WebstormProjects\\TestAutomation\\test\\test.js"]'/>
            </parameters>
            <steps>
                <step start='1547546288131' status='passed' stop='1547546289474'>
                    <name>POST /wd/hub/session/26fe2f982d234c21581a7ea44023cdde/url</name>
                    <title>POST /wd/hub/session/26fe2f982d234c21581a7ea44023cdde/url</title>
                    <attachments>
                        <attachment title='Request' source='3ae3469e-b162-47fd-a362-8f81bab65107-attachment.json' type='application/json' size='56'/>
                        <attachment title='Response' source='efbb4e1d-5b27-48e7-9051-f3fb1e07e7bb-attachment.json' type='application/json' size='91'/>
                    </attachments>
                    <steps/>
                </step>
                <step start='1547546289477' status='passed' stop='1547546289493'>
                    <name>GET /wd/hub/session/26fe2f982d234c21581a7ea44023cdde/title</name>
                    <title>GET /wd/hub/session/26fe2f982d234c21581a7ea44023cdde/title</title>
                    <attachments>
                        <attachment title='Response' source='16f15d2f-782d-460e-8b1b-7227793d4950-attachment.json' type='application/json' size='118'/>
                    </attachments>
                    <steps/>
                </step>
            </steps>
            <attachments/>
            <failure>
                <message>Title is incorrect</message>
                <stack-trace>AssertionError [ERR_ASSERTION]: Title is incorrect
                    at Context.&lt;anonymous> (C:\Users\Daddy\WebstormProjects\TestAutomation\test\test.js:9:16)
                    at C:\Users\Daddy\WebstormProjects\TestAutomation\node_modules\wdio-sync\build\index.js:590:26
                    at new Promise (&lt;anonymous>)
                    at new F (C:\Users\Daddy\WebstormProjects\TestAutomation\node_modules\core-js\library\modules\_export.js:36:28)
                    at Context.executeSync (C:\Users\Daddy\WebstormProjects\TestAutomation\node_modules\wdio-sync\build\index.js:588:12)
                    at C:\Users\Daddy\WebstormProjects\TestAutomation\node_modules\wdio-sync\build\index.js:759:42</stack-trace>
            </failure>
        </test-case>
    </test-cases>
</ns2:test-suite>