<?xml version='1.0'?>
<ns2:test-suite xmlns:ns2='urn:model.allure.qatools.yandex.ru' start='1547556284276' stop='1547556285953'>
    <name>Page opening</name>
    <title>Page opening</title>
    <test-cases>
        <test-case start='1547556284276' status='passed' stop='1547556285769'>
            <name>get title</name>
            <title>get title</title>
            <labels>
                <label name='language' value='javascript'/>
                <label name='framework' value='wdio'/>
                <label name='thread' value='0-0'/>
            </labels>
            <parameters>
                <parameter kind='argument' name='browser' value='chrome'/>
                <parameter kind='environment-variable' name='capabilities' value='{"maxInstances":1,"browserName":"chrome"}'/>
                <parameter kind='environment-variable' name='spec files' value='["C:\\Users\\Daddy\\WebstormProjects\\TestAutomation\\test\\test.js"]'/>
            </parameters>
            <steps>
                <step start='1547556284286' status='passed' stop='1547556285725'>
                    <name>POST /wd/hub/session/061cdc15692ee9352e881c2f4426a4ec/url</name>
                    <title>POST /wd/hub/session/061cdc15692ee9352e881c2f4426a4ec/url</title>
                    <attachments>
                        <attachment title='Request' source='4975f47a-438a-4d6d-aa57-dd35589560a4-attachment.json' type='application/json' size='45'/>
                        <attachment title='Response' source='88ee5abf-6cec-45b5-9739-d5a9f968e118-attachment.json' type='application/json' size='91'/>
                    </attachments>
                    <steps/>
                </step>
                <step start='1547556285726' status='passed' stop='1547556285768'>
                    <name>GET /wd/hub/session/061cdc15692ee9352e881c2f4426a4ec/title</name>
                    <title>GET /wd/hub/session/061cdc15692ee9352e881c2f4426a4ec/title</title>
                    <attachments>
                        <attachment title='Response' source='8124c931-2b3e-45ab-8c10-12d7dcfe81cf-attachment.json' type='application/json' size='100'/>
                    </attachments>
                    <steps/>
                </step>
            </steps>
            <attachments/>
        </test-case>
        <test-case start='1547556285771' status='failed' stop='1547556285950'>
            <name>get header title</name>
            <title>get header title</title>
            <labels>
                <label name='language' value='javascript'/>
                <label name='framework' value='wdio'/>
                <label name='thread' value='0-0'/>
            </labels>
            <parameters>
                <parameter kind='argument' name='browser' value='chrome'/>
                <parameter kind='environment-variable' name='capabilities' value='{"maxInstances":1,"browserName":"chrome"}'/>
                <parameter kind='environment-variable' name='spec files' value='["C:\\Users\\Daddy\\WebstormProjects\\TestAutomation\\test\\test.js"]'/>
            </parameters>
            <steps>
                <step start='1547556285774' status='passed' stop='1547556285862'>
                    <name>POST /wd/hub/session/061cdc15692ee9352e881c2f4426a4ec/element</name>
                    <title>POST /wd/hub/session/061cdc15692ee9352e881c2f4426a4ec/element</title>
                    <attachments>
                        <attachment title='Request' source='b9a0485c-2352-4f60-8983-d42ea1cc5161-attachment.json' type='application/json' size='67'/>
                        <attachment title='Response' source='a9ce27c1-12fd-4d37-bd26-4f741a1a6cfa-attachment.json' type='application/json' size='138'/>
                    </attachments>
                    <steps/>
                </step>
                <step start='1547556285863' status='passed' stop='1547556285941'>
                    <name>GET /wd/hub/session/061cdc15692ee9352e881c2f4426a4ec/element/0.027796552585044987-1/text</name>
                    <title>GET /wd/hub/session/061cdc15692ee9352e881c2f4426a4ec/element/0.027796552585044987-1/text</title>
                    <attachments>
                        <attachment title='Response' source='2c953040-4198-4441-a463-d214e782e5f9-attachment.json' type='application/json' size='99'/>
                    </attachments>
                    <steps/>
                </step>
            </steps>
            <attachments/>
            <failure>
                <message>Header title is incorrect</message>
                <stack-trace>AssertionError [ERR_ASSERTION]: Header title is incorrect
                    at Context.&lt;anonymous> (C:\Users\Daddy\WebstormProjects\TestAutomation\test\test.js:14:16)
                    at C:\Users\Daddy\WebstormProjects\TestAutomation\node_modules\wdio-sync\build\index.js:590:26
                    at new Promise (&lt;anonymous>)
                    at new F (C:\Users\Daddy\WebstormProjects\TestAutomation\node_modules\core-js\library\modules\_export.js:36:28)
                    at Context.executeSync (C:\Users\Daddy\WebstormProjects\TestAutomation\node_modules\wdio-sync\build\index.js:588:12)
                    at C:\Users\Daddy\WebstormProjects\TestAutomation\node_modules\wdio-sync\build\index.js:759:42</stack-trace>
            </failure>
        </test-case>
    </test-cases>
</ns2:test-suite>