<?xml version='1.0'?>
<ns2:test-suite xmlns:ns2='urn:model.allure.qatools.yandex.ru' start='1547554338265' stop='1547554340296'>
    <name>Page opening</name>
    <title>Page opening</title>
    <test-cases>
        <test-case start='1547554338266' status='passed' stop='1547554340175'>
            <name>get title</name>
            <title>get title</title>
            <labels>
                <label name='language' value='javascript'/>
                <label name='framework' value='wdio'/>
                <label name='thread' value='0-0'/>
            </labels>
            <parameters>
                <parameter kind='argument' name='browser' value='chrome'/>
                <parameter kind='environment-variable' name='capabilities' value='{"maxInstances":1,"browserName":"chrome"}'/>
                <parameter kind='environment-variable' name='spec files' value='["C:\\Users\\Daddy\\WebstormProjects\\TestAutomation\\test\\test.js"]'/>
            </parameters>
            <steps>
                <step start='1547554338274' status='passed' stop='1547554340149'>
                    <name>POST /wd/hub/session/fa93694a8dcd9471da952a0b77b27648/url</name>
                    <title>POST /wd/hub/session/fa93694a8dcd9471da952a0b77b27648/url</title>
                    <attachments>
                        <attachment title='Request' source='2aed9b37-4c97-4e8e-b2fe-d7d1a86d3e47-attachment.json' type='application/json' size='45'/>
                        <attachment title='Response' source='1cb051ac-2c26-43fb-a867-8306da6912e6-attachment.json' type='application/json' size='91'/>
                    </attachments>
                    <steps/>
                </step>
                <step start='1547554340150' status='passed' stop='1547554340166'>
                    <name>GET /wd/hub/session/fa93694a8dcd9471da952a0b77b27648/title</name>
                    <title>GET /wd/hub/session/fa93694a8dcd9471da952a0b77b27648/title</title>
                    <attachments>
                        <attachment title='Response' source='c111f045-c237-4ae8-b5ac-9a36ca84edb2-attachment.json' type='application/json' size='100'/>
                    </attachments>
                    <steps/>
                </step>
            </steps>
            <attachments/>
        </test-case>
        <test-case start='1547554340176' status='failed' stop='1547554340294'>
            <name>get header title</name>
            <title>get header title</title>
            <labels>
                <label name='language' value='javascript'/>
                <label name='framework' value='wdio'/>
                <label name='thread' value='0-0'/>
            </labels>
            <parameters>
                <parameter kind='argument' name='browser' value='chrome'/>
                <parameter kind='environment-variable' name='capabilities' value='{"maxInstances":1,"browserName":"chrome"}'/>
                <parameter kind='environment-variable' name='spec files' value='["C:\\Users\\Daddy\\WebstormProjects\\TestAutomation\\test\\test.js"]'/>
            </parameters>
            <steps>
                <step start='1547554340178' status='passed' stop='1547554340229'>
                    <name>POST /wd/hub/session/fa93694a8dcd9471da952a0b77b27648/element</name>
                    <title>POST /wd/hub/session/fa93694a8dcd9471da952a0b77b27648/element</title>
                    <attachments>
                        <attachment title='Request' source='29c32945-7441-4564-8ebb-f7c4644ba4ec-attachment.json' type='application/json' size='52'/>
                        <attachment title='Response' source='4c2dd0eb-a2fd-43fd-ab35-b56f406bdb52-attachment.json' type='application/json' size='136'/>
                    </attachments>
                    <steps/>
                </step>
                <step start='1547554340235' status='passed' stop='1547554340286'>
                    <name>GET /wd/hub/session/fa93694a8dcd9471da952a0b77b27648/element/0.4122269865679078-1/text</name>
                    <title>GET /wd/hub/session/fa93694a8dcd9471da952a0b77b27648/element/0.4122269865679078-1/text</title>
                    <attachments>
                        <attachment title='Response' source='fd2c6c78-486d-4e08-860e-66fc663fb360-attachment.json' type='application/json' size='99'/>
                    </attachments>
                    <steps/>
                </step>
            </steps>
            <attachments/>
            <failure>
                <message>Title is incorrect</message>
                <stack-trace>AssertionError [ERR_ASSERTION]: Title is incorrect
                    at Context.&lt;anonymous> (C:\Users\Daddy\WebstormProjects\TestAutomation\test\test.js:14:16)
                    at C:\Users\Daddy\WebstormProjects\TestAutomation\node_modules\wdio-sync\build\index.js:590:26
                    at new Promise (&lt;anonymous>)
                    at new F (C:\Users\Daddy\WebstormProjects\TestAutomation\node_modules\core-js\library\modules\_export.js:36:28)
                    at Context.executeSync (C:\Users\Daddy\WebstormProjects\TestAutomation\node_modules\wdio-sync\build\index.js:588:12)
                    at C:\Users\Daddy\WebstormProjects\TestAutomation\node_modules\wdio-sync\build\index.js:759:42</stack-trace>
            </failure>
        </test-case>
    </test-cases>
</ns2:test-suite>