<?xml version='1.0'?>
<ns2:test-suite xmlns:ns2='urn:model.allure.qatools.yandex.ru' start='1547554502935' stop='1547554504883'>
    <name>Page opening</name>
    <title>Page opening</title>
    <test-cases>
        <test-case start='1547554502935' status='passed' stop='1547554504782'>
            <name>get title</name>
            <title>get title</title>
            <labels>
                <label name='language' value='javascript'/>
                <label name='framework' value='wdio'/>
                <label name='thread' value='0-0'/>
            </labels>
            <parameters>
                <parameter kind='argument' name='browser' value='chrome'/>
                <parameter kind='environment-variable' name='capabilities' value='{"maxInstances":1,"browserName":"chrome"}'/>
                <parameter kind='environment-variable' name='spec files' value='["C:\\Users\\Daddy\\WebstormProjects\\TestAutomation\\test\\test.js"]'/>
            </parameters>
            <steps>
                <step start='1547554502942' status='passed' stop='1547554504757'>
                    <name>POST /wd/hub/session/0efe36c856f102ad8525e5b0be60a19e/url</name>
                    <title>POST /wd/hub/session/0efe36c856f102ad8525e5b0be60a19e/url</title>
                    <attachments>
                        <attachment title='Request' source='43e09a74-d059-4a84-bacd-4e48cafeba43-attachment.json' type='application/json' size='45'/>
                        <attachment title='Response' source='c55dcc1b-f6b3-43b9-97d8-59815bb727d0-attachment.json' type='application/json' size='91'/>
                    </attachments>
                    <steps/>
                </step>
                <step start='1547554504763' status='passed' stop='1547554504780'>
                    <name>GET /wd/hub/session/0efe36c856f102ad8525e5b0be60a19e/title</name>
                    <title>GET /wd/hub/session/0efe36c856f102ad8525e5b0be60a19e/title</title>
                    <attachments>
                        <attachment title='Response' source='09c639fc-d338-44bb-89d4-f477b2acc00f-attachment.json' type='application/json' size='100'/>
                    </attachments>
                    <steps/>
                </step>
            </steps>
            <attachments/>
        </test-case>
        <test-case start='1547554504783' status='failed' stop='1547554504881'>
            <name>get header title</name>
            <title>get header title</title>
            <labels>
                <label name='language' value='javascript'/>
                <label name='framework' value='wdio'/>
                <label name='thread' value='0-0'/>
            </labels>
            <parameters>
                <parameter kind='argument' name='browser' value='chrome'/>
                <parameter kind='environment-variable' name='capabilities' value='{"maxInstances":1,"browserName":"chrome"}'/>
                <parameter kind='environment-variable' name='spec files' value='["C:\\Users\\Daddy\\WebstormProjects\\TestAutomation\\test\\test.js"]'/>
            </parameters>
            <steps>
                <step start='1547554504787' status='passed' stop='1547554504825'>
                    <name>POST /wd/hub/session/0efe36c856f102ad8525e5b0be60a19e/element</name>
                    <title>POST /wd/hub/session/0efe36c856f102ad8525e5b0be60a19e/element</title>
                    <attachments>
                        <attachment title='Request' source='5a983074-dcb2-411d-b3da-168efea0ef61-attachment.json' type='application/json' size='52'/>
                        <attachment title='Response' source='a1dd94d3-9711-4137-b7cb-6d62f8e7cdc6-attachment.json' type='application/json' size='136'/>
                    </attachments>
                    <steps/>
                </step>
                <step start='1547554504831' status='passed' stop='1547554504876'>
                    <name>GET /wd/hub/session/0efe36c856f102ad8525e5b0be60a19e/element/0.3750201013461376-1/text</name>
                    <title>GET /wd/hub/session/0efe36c856f102ad8525e5b0be60a19e/element/0.3750201013461376-1/text</title>
                    <attachments>
                        <attachment title='Response' source='6b0361e4-f6f8-4152-8dd7-bcde48c74fb9-attachment.json' type='application/json' size='99'/>
                    </attachments>
                    <steps/>
                </step>
            </steps>
            <attachments/>
            <failure>
                <message>Header title is incorrect</message>
                <stack-trace>AssertionError [ERR_ASSERTION]: Header title is incorrect
                    at Context.&lt;anonymous> (C:\Users\Daddy\WebstormProjects\TestAutomation\test\test.js:14:16)
                    at C:\Users\Daddy\WebstormProjects\TestAutomation\node_modules\wdio-sync\build\index.js:590:26
                    at new Promise (&lt;anonymous>)
                    at new F (C:\Users\Daddy\WebstormProjects\TestAutomation\node_modules\core-js\library\modules\_export.js:36:28)
                    at Context.executeSync (C:\Users\Daddy\WebstormProjects\TestAutomation\node_modules\wdio-sync\build\index.js:588:12)
                    at C:\Users\Daddy\WebstormProjects\TestAutomation\node_modules\wdio-sync\build\index.js:759:42</stack-trace>
            </failure>
        </test-case>
    </test-cases>
</ns2:test-suite>