<?xml version='1.0'?>
<ns2:test-suite xmlns:ns2='urn:model.allure.qatools.yandex.ru' start='1547545515461' stop='1547545521863'>
    <name>Page opening</name>
    <title>Page opening</title>
    <test-cases>
        <test-case start='1547545515462' status='failed' stop='1547545521861'>
            <name>get title</name>
            <title>get title</title>
            <labels>
                <label name='language' value='javascript'/>
                <label name='framework' value='wdio'/>
                <label name='thread' value='0-0'/>
            </labels>
            <parameters>
                <parameter kind='argument' name='browser' value='chrome'/>
                <parameter kind='environment-variable' name='capabilities' value='{"maxInstances":1,"browserName":"chrome"}'/>
                <parameter kind='environment-variable' name='spec files' value='["C:\\Users\\Daddy\\WebstormProjects\\TestAutomation\\test\\test.js"]'/>
            </parameters>
            <steps>
                <step start='1547545515469' status='passed' stop='1547545516827'>
                    <name>POST /wd/hub/session/f658f8ed03909722ed4b93de55288b56/url</name>
                    <title>POST /wd/hub/session/f658f8ed03909722ed4b93de55288b56/url</title>
                    <attachments>
                        <attachment title='Request' source='5a598b97-c49a-428e-ae5a-cc51a8e49739-attachment.json' type='application/json' size='56'/>
                        <attachment title='Response' source='ed72e8ce-7fd1-44bf-8bfc-8aeffba9d5a1-attachment.json' type='application/json' size='91'/>
                    </attachments>
                    <steps/>
                </step>
                <step start='1547545516832' status='passed' stop='1547545516850'>
                    <name>GET /wd/hub/session/f658f8ed03909722ed4b93de55288b56/title</name>
                    <title>GET /wd/hub/session/f658f8ed03909722ed4b93de55288b56/title</title>
                    <attachments>
                        <attachment title='Response' source='4d5a6189-f4a1-4d40-8a34-c7f0fe426af7-attachment.json' type='application/json' size='118'/>
                    </attachments>
                    <steps/>
                </step>
            </steps>
            <attachments/>
            <failure>
                <message>Title is incorrect</message>
                <stack-trace>AssertionError [ERR_ASSERTION]: Title is incorrect
                    at Context.&lt;anonymous> (C:\Users\Daddy\WebstormProjects\TestAutomation\test\test.js:9:16)
                    at C:\Users\Daddy\WebstormProjects\TestAutomation\node_modules\wdio-sync\build\index.js:590:26
                    at new Promise (&lt;anonymous>)
                    at new F (C:\Users\Daddy\WebstormProjects\TestAutomation\node_modules\core-js\library\modules\_export.js:36:28)
                    at Context.executeSync (C:\Users\Daddy\WebstormProjects\TestAutomation\node_modules\wdio-sync\build\index.js:588:12)
                    at C:\Users\Daddy\WebstormProjects\TestAutomation\node_modules\wdio-sync\build\index.js:759:42</stack-trace>
            </failure>
        </test-case>
    </test-cases>
</ns2:test-suite>