<?xml version='1.0'?>
<ns2:test-suite xmlns:ns2='urn:model.allure.qatools.yandex.ru' start='1547545700809' stop='1547545707180'>
    <name>Page opening</name>
    <title>Page opening</title>
    <test-cases>
        <test-case start='1547545700810' status='failed' stop='1547545707179'>
            <name>get title</name>
            <title>get title</title>
            <labels>
                <label name='language' value='javascript'/>
                <label name='framework' value='wdio'/>
                <label name='thread' value='0-0'/>
            </labels>
            <parameters>
                <parameter kind='argument' name='browser' value='chrome'/>
                <parameter kind='environment-variable' name='capabilities' value='{"maxInstances":1,"browserName":"chrome"}'/>
                <parameter kind='environment-variable' name='spec files' value='["C:\\Users\\Daddy\\WebstormProjects\\TestAutomation\\test\\test.js"]'/>
            </parameters>
            <steps>
                <step start='1547545700816' status='passed' stop='1547545702146'>
                    <name>POST /wd/hub/session/2f6590db0e56838b60b537cb9e0d10fd/url</name>
                    <title>POST /wd/hub/session/2f6590db0e56838b60b537cb9e0d10fd/url</title>
                    <attachments>
                        <attachment title='Request' source='d04e4653-f9a5-4058-b483-f560848e3b8d-attachment.json' type='application/json' size='56'/>
                        <attachment title='Response' source='7153b4b3-49b4-41ac-8e59-45e0b703cb4e-attachment.json' type='application/json' size='91'/>
                    </attachments>
                    <steps/>
                </step>
                <step start='1547545702149' status='passed' stop='1547545702168'>
                    <name>GET /wd/hub/session/2f6590db0e56838b60b537cb9e0d10fd/title</name>
                    <title>GET /wd/hub/session/2f6590db0e56838b60b537cb9e0d10fd/title</title>
                    <attachments>
                        <attachment title='Response' source='31323159-962a-4650-959e-ec7fe91ffa46-attachment.json' type='application/json' size='118'/>
                    </attachments>
                    <steps/>
                </step>
            </steps>
            <attachments/>
            <failure>
                <message>Title is incorrect</message>
                <stack-trace>AssertionError [ERR_ASSERTION]: Title is incorrect
                    at Context.&lt;anonymous> (C:\Users\Daddy\WebstormProjects\TestAutomation\test\test.js:9:16)
                    at C:\Users\Daddy\WebstormProjects\TestAutomation\node_modules\wdio-sync\build\index.js:590:26
                    at new Promise (&lt;anonymous>)
                    at new F (C:\Users\Daddy\WebstormProjects\TestAutomation\node_modules\core-js\library\modules\_export.js:36:28)
                    at Context.executeSync (C:\Users\Daddy\WebstormProjects\TestAutomation\node_modules\wdio-sync\build\index.js:588:12)
                    at C:\Users\Daddy\WebstormProjects\TestAutomation\node_modules\wdio-sync\build\index.js:759:42</stack-trace>
            </failure>
        </test-case>
    </test-cases>
</ns2:test-suite>